[2015-03-09 11:30:41] START
[2015-03-09 11:31:32] CREATE tables.py: 0
[2015-03-09 11:35:49] EDIT money/models/tables.py: 11
[2015-03-09 11:36:39] EDIT money/models/tables.py: 1
[2015-03-09 11:36:59] EDIT money/models/tables.py: 0
[2015-03-09 11:37:01] EDIT money/models/db.py: 0
[2015-03-09 11:38:38] EDIT money/models/tables.py: 0
[2015-03-09 11:39:06] EDIT money/models/tables.py: 0
[2015-03-09 11:42:37] EDIT money/controllers/default.py: 0
[2015-03-09 11:45:00] EDIT money/views/default/index.html: -13
[2015-03-09 11:45:57] EDIT money/controllers/default.py: 0
[2015-03-09 11:48:14] EDIT money/controllers/default.py: 0
[2015-03-09 11:56:53] EDIT money/models/tables.py: 0
[2015-03-09 12:02:18] EDIT money/models/tables.py: 1
[2015-03-09 12:04:27] EDIT money/models/tables.py: 1
[2015-03-09 12:04:53] EDIT money/models/tables.py: 0
[2015-03-09 12:09:04] EDIT money/models/tables.py: 0
[2015-03-09 12:09:51] EDIT money/models/tables.py: -1
[2015-03-09 12:10:01] EDIT money/models/tables.py: -2
[2015-03-09 12:11:06] EDIT money/views/default/index.html: -2
[2015-03-09 12:23:20] EDIT money/views/default/index.html: -2
[2015-03-09 12:24:32] EDIT money/views/default/index.html: 1
[2015-03-09 12:27:29] EDIT money/views/default/index.html: 15
[2015-03-09 12:29:44] EDIT money/views/default/index.html: 4
[2015-03-09 12:30:16] EDIT money/views/default/index.html: 0
[2015-03-09 14:12:33] EDIT money/views/default/index.html: 2
[2015-03-09 14:16:37] EDIT money/views/default/index.html: 23
[2015-03-09 14:18:15] EDIT money/views/default/index.html: 4
[2015-03-09 14:19:06] EDIT money/views/default/index.html: 3
[2015-03-09 14:20:05] EDIT money/views/default/index.html: 0
[2015-03-09 14:20:41] EDIT money/views/default/index.html: 5
[2015-03-09 14:20:49] EDIT money/views/default/index.html: 0
[2015-03-09 14:23:14] EDIT money/views/default/index.html: 3
[2015-03-09 14:23:29] EDIT money/views/default/index.html: 0
[2015-03-09 14:24:21] EDIT money/views/default/index.html: 0
[2015-03-09 14:24:37] EDIT money/views/default/index.html: 0
[2015-03-09 14:25:06] EDIT money/views/default/index.html: 0
[2015-03-09 14:26:56] EDIT money/views/default/index.html: 1
[2015-03-09 14:27:15] EDIT money/views/default/index.html: 0
[2015-03-09 14:31:36] EDIT money/views/default/index.html: 2
[2015-03-09 14:32:13] EDIT money/views/default/index.html: -5
[2015-03-09 14:32:46] EDIT money/views/default/index.html: 3
[2015-03-09 14:33:40] EDIT money/views/default/index.html: -4
[2015-03-09 14:34:39] EDIT money/views/default/index.html: 0
[2015-03-09 14:34:54] EDIT money/views/default/index.html: 0
[2015-03-09 14:35:42] EDIT money/views/default/index.html: 0
[2015-03-09 14:37:25] EDIT money/views/default/index.html: 0
[2015-03-09 14:41:17] EDIT money/controllers/default.py: 8
[2015-03-09 14:41:20] EDIT money/controllers/default.py: 0
[2015-03-09 14:42:24] EDIT money/controllers/default.py: 0
[2015-03-09 14:44:26] EDIT money/controllers/default.py: 6
[2015-03-09 14:45:03] EDIT money/views/default/index.html: 1
[2015-03-09 14:45:40] EDIT money/views/default/index.html: 0
[2015-03-09 14:48:42] EDIT money/views/default/index.html: 0
[2015-03-09 14:49:09] EDIT money/controllers/default.py: -8
[2015-03-09 14:51:03] EDIT money/views/default/index.html: 6
[2015-03-09 14:51:21] EDIT money/views/default/index.html: 0
[2015-03-09 14:51:46] EDIT money/views/default/index.html: 0
[2015-03-09 14:53:42] EDIT money/views/default/index.html: 2
[2015-03-09 14:56:04] EDIT money/views/default/index.html: -2
[2015-03-09 14:58:02] EDIT money/views/default/index.html: 5
[2015-03-09 14:58:12] EDIT money/views/default/index.html: 0
[2015-03-09 16:28:18] EDIT money/views/default/index.html: 4
[2015-03-09 16:32:12] EDIT money/views/default/index.html: 7
[2015-03-09 16:33:18] EDIT money/views/default/index.html: 0
[2015-03-09 16:33:54] EDIT money/views/default/index.html: 0
[2015-03-09 16:36:48] EDIT money/views/default/index.html: 7
[2015-03-09 16:38:12] EDIT money/views/default/index.html: 1
[2015-03-09 16:39:24] EDIT money/views/default/index.html: -1
[2015-03-09 16:40:20] EDIT money/views/default/index.html: 1
[2015-03-09 16:40:46] EDIT money/views/default/index.html: 0
[2015-03-09 16:41:13] EDIT money/views/default/index.html: 0
[2015-03-09 16:42:53] EDIT money/views/default/index.html: 0
[2015-03-09 16:43:37] EDIT money/views/default/index.html: 0
[2015-03-09 16:43:45] EDIT money/views/default/index.html: 1
[2015-03-09 16:43:58] EDIT money/views/default/index.html: -1
[2015-03-09 16:44:13] EDIT money/views/default/index.html: 1
[2015-03-09 16:44:32] EDIT money/views/default/index.html: 1
[2015-03-09 16:45:50] EDIT money/views/default/index.html: 0
[2015-03-09 16:46:50] EDIT money/views/default/index.html: -2
[2015-03-09 16:47:21] EDIT money/views/default/index.html: 0
[2015-03-09 16:47:26] EDIT money/views/default/index.html: 1
[2015-03-09 16:47:44] EDIT money/views/default/index.html: 0
[2015-03-09 16:47:54] EDIT money/views/default/index.html: -1
[2015-03-09 16:48:06] EDIT money/views/default/index.html: 0
[2015-03-09 16:48:10] EDIT money/views/default/index.html: 0
[2015-03-09 16:52:22] EDIT money/views/default/index.html: 2
[2015-03-09 16:52:52] EDIT money/views/default/index.html: 0
[2015-03-09 16:54:21] EDIT money/views/default/index.html: 1
[2015-03-09 16:55:58] EDIT money/views/default/index.html: -2
[2015-03-09 17:02:05] EDIT money/views/default/index.html: 0
[2015-03-09 17:02:56] EDIT money/views/default/index.html: 1
[2015-03-09 17:03:23] EDIT money/views/default/index.html: 0
[2015-03-09 17:04:04] EDIT money/views/default/index.html: 0
[2015-03-10 09:23:24] EDIT money/models/tables.py: 2
[2015-03-10 09:23:57] EDIT money/models/tables.py: -2
[2015-03-10 09:27:21] EDIT money/models/tables.py: 1
[2015-03-10 09:27:40] EDIT money/models/tables.py: 0
[2015-03-10 09:28:00] EDIT money/models/tables.py: 0
[2015-03-10 09:28:20] EDIT money/models/tables.py: 1
[2015-03-10 09:28:41] EDIT money/models/tables.py: 1
[2015-03-10 09:33:52] EDIT money/controllers/default.py: 3
[2015-03-10 09:34:49] EDIT money/controllers/default.py: 1
[2015-03-10 09:35:25] EDIT money/controllers/default.py: 2
[2015-03-10 09:35:32] EDIT money/controllers/default.py: 0
[2015-03-10 09:36:04] EDIT money/views/default/index.html: 2
[2015-03-10 09:36:40] EDIT money/views/default/index.html: 2
[2015-03-10 09:37:13] EDIT money/controllers/default.py: 1
[2015-03-10 09:37:18] EDIT money/controllers/default.py: 0
[2015-03-10 09:39:24] EDIT money/controllers/default.py: 2
[2015-03-10 09:39:30] EDIT money/controllers/default.py: 0
[2015-03-10 09:39:47] EDIT money/views/default/index.html: 0
[2015-03-10 09:39:55] EDIT money/views/default/index.html: 0
[2015-03-10 09:40:38] EDIT money/models/tables.py: 0
[2015-03-10 09:41:18] EDIT money/models/tables.py: 0
[2015-03-10 09:43:20] EDIT money/views/default/index.html: 0
[2015-03-10 09:44:33] EDIT money/models/tables.py: 0
[2015-03-10 09:44:59] EDIT money/models/tables.py: 0
[2015-03-10 09:45:27] EDIT money/models/tables.py: -1
[2015-03-10 09:45:32] EDIT money/models/tables.py: 1
[2015-03-10 09:46:00] EDIT money/models/tables.py: 0
[2015-03-10 09:49:32] EDIT money/views/default/index.html: 3
[2015-03-10 09:49:53] EDIT money/views/default/index.html: 1
[2015-03-10 09:50:06] EDIT money/controllers/default.py: 1
[2015-03-10 09:53:18] EDIT money/views/default/index.html: 2
[2015-03-10 09:53:49] EDIT money/views/default/index.html: 1
[2015-03-10 09:53:51] EDIT money/views/default/index.html: 0
[2015-03-10 09:54:13] EDIT money/views/default/index.html: 0
[2015-03-10 09:54:31] EDIT money/views/default/index.html: 0
[2015-03-10 09:55:11] EDIT money/views/default/index.html: 0
[2015-03-10 09:56:48] EDIT money/views/default/index.html: 0
[2015-03-10 09:58:25] EDIT money/views/default/index.html: 0
[2015-03-10 10:19:03] EDIT money/views/default/index.html: -1
[2015-03-10 10:19:19] EDIT money/views/default/index.html: 1
[2015-03-10 10:19:30] EDIT money/views/default/index.html: 2
[2015-03-10 10:19:42] EDIT money/views/default/index.html: -2
[2015-03-10 10:26:05] EDIT money/controllers/default.py: 3
[2015-03-10 10:29:48] EDIT money/controllers/default.py: 3
[2015-03-10 10:30:08] EDIT money/controllers/default.py: 0
[2015-03-10 10:30:39] EDIT money/controllers/default.py: 1
[2015-03-10 10:31:07] EDIT money/controllers/default.py: 0
[2015-03-10 11:09:04] EDIT money/views/default/index.html: 0
[2015-03-10 11:09:13] EDIT money/controllers/default.py: -1
[2015-03-10 11:09:18] EDIT money/controllers/default.py: 0
[2015-03-10 11:09:22] EDIT money/controllers/default.py: -1
[2015-03-10 11:12:34] EDIT money/controllers/default.py: 0
[2015-03-10 11:16:56] EDIT money/controllers/default.py: 0
[2015-03-10 11:17:36] EDIT money/controllers/default.py: 0
[2015-03-10 11:17:53] EDIT money/controllers/default.py: 0
[2015-03-10 11:18:03] EDIT money/controllers/default.py: 0
[2015-03-10 11:18:57] EDIT money/controllers/default.py: 0
[2015-03-10 11:19:08] EDIT money/controllers/default.py: 0
[2015-03-10 11:22:31] EDIT money/controllers/default.py: 0
[2015-03-10 11:22:56] EDIT money/controllers/default.py: 0
[2015-03-10 11:23:52] EDIT money/views/default/index.html: 11
[2015-03-10 11:25:57] EDIT money/controllers/default.py: 0
[2015-03-10 11:28:48] EDIT money/views/default/index.html: 3
[2015-03-10 11:29:36] EDIT money/views/default/index.html: 0
[2015-03-10 11:29:50] EDIT money/views/default/index.html: 0
[2015-03-10 11:30:00] EDIT money/views/default/index.html: 0
[2015-03-10 11:32:02] EDIT money/views/default/index.html: 0
[2015-03-10 11:32:39] EDIT money/views/default/index.html: -7
[2015-03-10 11:33:08] EDIT money/views/default/index.html: 0
[2015-03-10 11:33:17] EDIT money/views/default/index.html: 0
[2015-03-10 11:33:26] EDIT money/views/default/index.html: 0
[2015-03-10 12:57:15] EDIT money/views/default/index.html: 5
[2015-03-10 13:02:08] EDIT money/controllers/default.py: 1
[2015-03-10 13:02:16] EDIT money/controllers/default.py: 0
[2015-03-10 13:02:30] EDIT money/controllers/default.py: 0
[2015-03-10 13:02:34] EDIT money/controllers/default.py: 0
[2015-03-10 13:05:46] EDIT money/views/default/index.html: 0
[2015-03-10 13:08:27] EDIT money/views/default/index.html: 0
[2015-03-10 13:08:46] EDIT money/views/default/index.html: 0
[2015-03-10 13:08:55] EDIT money/views/default/index.html: 0
[2015-03-10 13:09:05] EDIT money/views/default/index.html: -2
[2015-03-10 13:10:16] EDIT money/controllers/default.py: 0
[2015-03-10 13:11:52] EDIT money/views/default/index.html: 0
[2015-03-10 13:12:29] EDIT money/controllers/default.py: 2
[2015-03-10 13:13:23] EDIT money/views/default/index.html: 0
[2015-03-10 13:14:00] EDIT money/controllers/default.py: 0
[2015-03-10 13:14:05] EDIT money/controllers/default.py: 0
[2015-03-10 13:15:16] EDIT money/controllers/default.py: 0
[2015-03-10 13:15:40] EDIT money/controllers/default.py: 0
[2015-03-10 13:18:23] EDIT money/controllers/default.py: 0
[2015-03-10 13:22:20] EDIT money/controllers/default.py: 0
[2015-03-10 13:22:41] EDIT money/controllers/default.py: 0
[2015-03-10 13:25:59] EDIT money/models/tables.py: 1
[2015-03-10 13:26:31] EDIT money/models/tables.py: 1
[2015-03-10 13:26:44] EDIT money/models/tables.py: 0
[2015-03-10 13:27:18] EDIT money/controllers/default.py: 1
[2015-03-10 13:27:24] EDIT money/controllers/default.py: 0
[2015-03-10 13:27:47] EDIT money/models/tables.py: 0
[2015-03-10 13:28:10] EDIT money/models/tables.py: 0
[2015-03-10 13:29:55] EDIT money/controllers/default.py: 0
[2015-03-10 13:39:19] EDIT money/controllers/default.py: 0
[2015-03-10 13:39:56] EDIT money/controllers/default.py: 2
[2015-03-10 13:40:16] EDIT money/controllers/default.py: -2
[2015-03-10 13:42:13] EDIT money/controllers/default.py: 0
[2015-03-10 13:44:02] EDIT money/controllers/default.py: 0
[2015-03-10 13:45:06] EDIT money/views/default/index.html: 0
[2015-03-10 13:47:19] EDIT money/views/default/index.html: 1
[2015-03-10 13:47:41] EDIT money/views/default/index.html: 0
[2015-03-10 13:48:02] EDIT money/views/default/index.html: 0
[2015-03-10 13:48:33] EDIT money/views/default/index.html: 0
[2015-03-10 13:49:18] EDIT money/views/default/index.html: 0
[2015-03-10 13:49:25] EDIT money/views/default/index.html: 0
[2015-03-10 13:51:56] EDIT money/views/default/index.html: 0
[2015-03-10 13:52:27] EDIT money/views/default/index.html: 0
[2015-03-10 13:55:35] EDIT money/views/default/index.html: 1
[2015-03-10 13:57:01] EDIT money/controllers/default.py: 0
[2015-03-10 13:57:31] EDIT money/controllers/default.py: 0
[2015-03-10 13:58:04] EDIT money/views/default/index.html: -1
[2015-03-10 14:00:15] EDIT money/controllers/default.py: 0
[2015-03-10 14:20:03] EDIT money/controllers/default.py: 1
[2015-03-10 14:22:27] EDIT money/controllers/default.py: -1
[2015-03-10 14:23:36] EDIT money/controllers/default.py: 2
[2015-03-10 14:24:10] EDIT money/controllers/default.py: 2
[2015-03-10 14:26:38] EDIT money/views/default/index.html: 7
[2015-03-10 14:26:54] EDIT money/controllers/default.py: 0
[2015-03-10 14:27:33] EDIT money/views/default/index.html: 0
[2015-03-10 14:28:06] EDIT money/views/default/index.html: -2
[2015-03-10 14:28:40] EDIT money/controllers/default.py: 0
[2015-03-10 14:30:30] EDIT money/views/default/index.html: 0
[2015-03-10 14:30:59] EDIT money/views/default/index.html: 0
[2015-03-10 14:32:21] EDIT money/views/default/index.html: 2
[2015-03-10 14:32:30] EDIT money/views/default/index.html: 0
[2015-03-10 14:32:45] EDIT money/views/default/index.html: 0
[2015-03-10 14:33:24] EDIT money/views/default/index.html: 1
[2015-03-10 14:33:58] EDIT money/controllers/default.py: 0
[2015-03-10 14:34:06] EDIT money/views/default/index.html: 0
[2015-03-10 14:34:23] EDIT money/controllers/default.py: 0
[2015-03-10 14:35:47] EDIT money/views/default/index.html: 0
[2015-03-10 14:35:59] EDIT money/views/default/index.html: 0
[2015-03-10 14:36:49] EDIT money/views/default/index.html: 0
[2015-03-10 14:36:57] EDIT money/views/default/index.html: 0
[2015-03-10 14:37:25] EDIT money/views/default/index.html: 2
[2015-03-10 14:37:28] EDIT money/views/default/index.html: 1
[2015-03-10 14:38:12] EDIT money/models/tables.py: 2
[2015-03-10 14:38:47] EDIT money/controllers/default.py: 0
[2015-03-10 15:10:56] EDIT money/views/default/index.html: 0
[2015-03-10 15:11:32] EDIT money/views/default/index.html: 0
[2015-03-10 15:12:28] EDIT money/views/default/index.html: 1
[2015-03-10 15:13:34] EDIT money/views/default/index.html: 0
[2015-03-10 15:13:46] EDIT money/controllers/default.py: 0
[2015-03-10 15:15:59] EDIT money/views/default/index.html: 0
[2015-03-10 15:16:06] EDIT money/views/default/index.html: 0
[2015-03-10 15:17:01] EDIT money/views/default/index.html: 2
[2015-03-10 15:18:18] EDIT money/controllers/default.py: 0
[2015-03-10 15:18:24] EDIT money/views/default/index.html: 0
[2015-03-10 15:19:39] EDIT money/views/default/index.html: 0
[2015-03-10 15:39:07] EDIT money/models/tables.py: 0
[2015-03-10 15:39:09] EDIT money/views/default/index.html: 0
[2015-03-10 15:39:11] EDIT money/controllers/default.py: 0
[2015-03-10 16:10:19] EDIT money/models/tables.py: 11
[2015-03-10 16:11:41] EDIT money/models/tables.py: 11
[2015-03-10 16:12:13] EDIT money/models/tables.py: 11
[2015-03-10 16:12:25] EDIT money/models/tables.py: -3
[2015-03-10 16:16:13] EDIT money/models/tables.py: -2
[2015-03-10 16:17:03] EDIT money/models/tables.py: 1
[2015-03-10 16:18:09] EDIT money/models/tables.py: 8
[2015-03-10 16:18:44] EDIT money/models/tables.py: 8
[2015-03-10 16:19:27] EDIT money/models/tables.py: 4
[2015-03-10 16:19:56] EDIT money/models/tables.py: 0
[2015-03-10 16:20:19] EDIT money/models/tables.py: 0
[2015-03-10 16:20:21] EDIT money/models/tables.py: 0
[2015-03-10 16:20:21] EDIT money/models/tables.py: 0
[2015-03-10 16:20:22] EDIT money/models/tables.py: 0
[2015-03-10 16:20:22] EDIT money/models/tables.py: 0
[2015-03-10 16:20:22] EDIT money/models/tables.py: 0
[2015-03-10 16:20:23] EDIT money/models/tables.py: 0
[2015-03-10 16:20:24] EDIT money/models/tables.py: 0
[2015-03-10 16:26:02] EDIT money/views/default/index.html: 8
[2015-03-10 16:26:44] EDIT money/views/default/index.html: 0
[2015-03-10 16:26:56] EDIT money/views/default/index.html: -1
[2015-03-10 16:27:15] EDIT money/views/default/index.html: 0
[2015-03-10 16:27:39] EDIT money/views/default/index.html: 0
[2015-03-10 16:29:03] EDIT money/controllers/default.py: 6
[2015-03-10 16:29:43] EDIT money/controllers/default.py: -1
[2015-03-10 16:29:54] EDIT money/controllers/default.py: 1
[2015-03-10 16:32:27] EDIT money/controllers/default.py: 2
[2015-03-10 16:32:31] EDIT money/controllers/default.py: 0
[2015-03-10 16:34:48] EDIT money/controllers/default.py: -2
[2015-03-10 16:41:59] EDIT money/controllers/default.py: 1
[2015-03-10 16:42:06] EDIT money/controllers/default.py: 0
[2015-03-10 16:53:46] CREATE default/expenses.html: 0
[2015-03-10 16:54:08] CREATE default/inout.html: 0
[2015-03-10 16:54:12] CREATE default/planning.html: 0
[2015-03-10 16:54:34] EDIT money/views/default/planning.html: 65
[2015-03-10 16:54:59] EDIT money/views/default/expenses.html: 145
[2015-03-10 16:55:19] EDIT money/views/default/inout.html: 67
[2015-03-10 16:55:33] EDIT money/views/default/planning.html: 2
[2015-03-10 16:56:47] EDIT money/controllers/default.py: 31
[2015-03-10 16:59:05] EDIT money/views/default/index.html: 0
[2015-03-10 16:59:46] EDIT money/views/default/index.html: 0
[2015-03-10 17:01:01] EDIT money/views/default/index.html: 0
[2015-03-10 17:01:18] EDIT money/views/default/index.html: 0
[2015-03-10 17:01:50] EDIT money/controllers/default.py: 0
[2015-03-10 17:02:47] EDIT money/views/default/index.html: 0
[2015-03-10 17:03:11] EDIT money/views/default/inout.html: 0
[2015-03-10 17:30:17] EDIT money/views/default/planning.html: 0
[2015-03-10 17:30:52] EDIT money/views/default/inout.html: 0
[2015-03-10 17:31:19] EDIT money/views/default/index.html: 0
[2015-03-10 17:32:10] EDIT money/controllers/default.py: 14
[2015-03-10 17:32:38] EDIT money/controllers/default.py: 0
[2015-03-10 17:33:02] EDIT money/controllers/default.py: 0
[2015-03-10 17:33:18] EDIT money/controllers/default.py: 0
[2015-03-10 17:35:33] EDIT money/views/default/inout.html: 0
[2015-03-10 17:35:50] EDIT money/views/default/planning.html: 0
[2015-03-10 17:36:00] EDIT money/views/default/index.html: 0
[2015-03-10 17:36:29] EDIT money/views/default/inout.html: 0
[2015-03-10 17:36:53] EDIT money/views/default/index.html: 0
[2015-03-10 17:37:49] EDIT money/controllers/default.py: -33
[2015-03-10 17:39:21] EDIT money/views/default/index.html: 0
[2015-03-10 17:39:24] EDIT money/views/default/index.html: 0
[2015-03-10 17:39:46] EDIT money/views/default/index.html: 5
[2015-03-10 17:40:11] EDIT money/views/default/inout.html: 5
[2015-03-10 17:40:19] EDIT money/views/default/planning.html: 5
[2015-03-10 17:41:01] EDIT money/views/default/inout.html: 0
[2015-03-10 17:41:23] EDIT money/views/default/planning.html: 0
[2015-03-10 17:43:00] EDIT money/views/default/inout.html: 0
[2015-03-10 17:43:35] EDIT money/views/default/inout.html: 5
[2015-03-10 17:43:55] EDIT money/views/default/index.html: 5
[2015-03-10 17:43:59] EDIT money/views/default/planning.html: 5
[2015-03-11 12:40:21] DELETE money/views/default/expenses.html: -148
[2015-03-11 12:41:15] EDIT money/views/default/inout.html: 40
[2015-03-11 12:41:36] EDIT money/views/default/index.html: 0
[2015-03-11 12:41:44] EDIT money/views/default/inout.html: 0
[2015-03-11 12:42:09] EDIT money/views/default/index.html: 5
[2015-03-11 12:42:15] EDIT money/views/default/inout.html: 5
[2015-03-11 12:44:44] EDIT money/views/default/inout.html: 2
[2015-03-11 12:45:34] EDIT money/views/default/inout.html: 5
[2015-03-11 12:46:08] EDIT money/views/default/inout.html: 2
[2015-03-11 12:46:15] EDIT money/views/default/inout.html: -7
[2015-03-11 12:49:59] EDIT money/views/default/inout.html: 14
[2015-03-11 12:51:11] EDIT money/views/default/inout.html: 0
[2015-03-11 12:51:31] EDIT money/views/default/inout.html: 5
[2015-03-11 12:51:37] EDIT money/views/default/inout.html: 0
[2015-03-11 12:52:14] EDIT money/views/default/inout.html: 0
[2015-03-11 12:55:19] EDIT money/views/default/inout.html: 8
[2015-03-11 12:56:11] EDIT money/views/default/inout.html: 5
[2015-03-11 12:57:46] EDIT money/views/default/inout.html: 10
[2015-03-11 12:59:00] EDIT money/views/default/inout.html: 4
[2015-03-11 13:33:15] EDIT money/views/default/inout.html: 10
[2015-03-11 13:34:19] EDIT money/views/default/inout.html: 1
[2015-03-11 13:36:18] EDIT money/views/default/inout.html: 0
[2015-03-11 13:36:59] EDIT money/views/default/inout.html: 5
[2015-03-11 13:40:05] EDIT money/views/default/planning.html: 110
[2015-03-11 13:42:08] EDIT money/views/default/planning.html: -25
[2015-03-11 13:42:32] EDIT money/views/default/planning.html: 0
[2015-03-11 13:43:00] EDIT money/views/default/planning.html: 0
[2015-03-11 13:44:14] EDIT money/controllers/default.py: 26
[2015-03-11 13:44:42] EDIT money/views/default/inout.html: 2
[2015-03-11 13:44:50] EDIT money/views/default/planning.html: 1
[2015-03-11 13:45:39] EDIT money/views/default/index.html: 34
[2015-03-11 13:45:50] EDIT money/views/default/planning.html: 0
[2015-03-11 13:47:26] EDIT money/views/default/index.html: 26
[2015-03-11 13:47:39] EDIT money/views/default/index.html: 0
[2015-03-11 13:47:55] EDIT money/views/default/index.html: 0
[2015-03-11 13:48:09] EDIT money/views/default/index.html: -20
[2015-03-11 13:48:46] EDIT money/views/default/index.html: 5
[2015-03-11 13:50:05] EDIT money/views/default/index.html: 0
[2015-03-11 13:51:06] EDIT money/controllers/default.py: 0
[2015-03-11 13:52:14] EDIT money/views/default/index.html: 0
[2015-03-11 13:53:15] EDIT money/views/default/inout.html: 0
[2015-03-11 13:53:26] EDIT money/views/default/planning.html: 0
[2015-03-11 14:02:51] EDIT money/controllers/default.py: 1
[2015-03-11 14:05:04] EDIT money/models/tables.py: -17
[2015-03-11 14:05:28] EDIT money/controllers/default.py: 1
[2015-03-11 14:05:54] EDIT money/controllers/default.py: 9
[2015-03-11 14:06:42] EDIT money/controllers/default.py: 8
[2015-03-11 14:07:04] EDIT money/controllers/default.py: 8
[2015-03-11 14:07:39] EDIT money/controllers/default.py: 1
[2015-03-11 14:07:55] EDIT money/controllers/default.py: 0
[2015-03-11 14:08:52] EDIT money/models/tables.py: 0
[2015-03-11 14:08:59] EDIT money/controllers/default.py: 0
[2015-03-11 14:11:12] EDIT money/views/default/inout.html: 0
[2015-03-11 14:11:22] EDIT money/views/default/planning.html: 0
[2015-03-11 14:13:47] EDIT money/views/default/inout.html: 32
[2015-03-11 14:13:50] EDIT money/views/default/inout.html: 0
[2015-03-11 14:15:53] EDIT money/controllers/default.py: 5
[2015-03-11 14:15:54] EDIT money/controllers/default.py: 0
[2015-03-11 14:15:58] EDIT money/controllers/default.py: 0
[2015-03-11 14:16:25] EDIT money/controllers/default.py: 0
[2015-03-11 14:18:13] EDIT money/controllers/default.py: 0
[2015-03-11 14:18:20] EDIT money/controllers/default.py: 0
[2015-03-11 14:18:55] EDIT money/views/default/inout.html: 1
[2015-03-11 14:19:12] EDIT money/views/default/inout.html: 0
[2015-03-11 14:20:14] EDIT money/controllers/default.py: 5
[2015-03-11 14:20:20] EDIT money/controllers/default.py: 0
[2015-03-11 14:22:11] EDIT money/controllers/default.py: 0
[2015-03-11 14:23:38] EDIT money/controllers/default.py: 0
[2015-03-11 14:24:55] EDIT money/controllers/default.py: 4
[2015-03-11 14:25:12] EDIT money/controllers/default.py: 0
[2015-03-11 14:25:50] EDIT money/controllers/default.py: -5
[2015-03-11 14:26:12] EDIT money/controllers/default.py: -5
[2015-03-11 14:27:16] EDIT money/views/default/planning.html: 29
[2015-03-11 14:28:46] EDIT money/models/tables.py: 2
[2015-03-11 14:29:00] EDIT money/models/tables.py: 2
[2015-03-11 14:29:51] EDIT money/controllers/default.py: 2
[2015-03-11 14:31:05] EDIT money/views/default/planning.html: 0
[2015-03-11 14:31:14] EDIT money/views/default/planning.html: -1
[2015-03-11 14:31:35] EDIT money/controllers/default.py: -1
[2015-03-11 14:31:58] EDIT money/controllers/default.py: 0
[2015-03-11 14:32:42] EDIT money/models/tables.py: 0
[2015-03-11 14:32:49] EDIT money/models/tables.py: -2
[2015-03-11 14:33:38] EDIT money/views/default/planning.html: -1
[2015-03-11 14:33:50] EDIT money/views/default/planning.html: 0
[2015-03-11 14:34:12] EDIT money/views/default/planning.html: -1
[2015-03-11 16:32:04] EDIT money/views/default/index.html: 5
[2015-03-11 16:33:31] EDIT money/views/default/index.html: 2
[2015-03-11 16:35:05] EDIT money/views/default/index.html: 2
[2015-03-11 16:36:12] EDIT money/views/default/index.html: 0
[2015-03-11 16:36:34] EDIT money/views/default/index.html: 0
[2015-03-11 16:37:10] EDIT money/views/default/index.html: 0
[2015-03-11 16:38:42] EDIT money/views/default/inout.html: 9
[2015-03-11 16:39:29] EDIT money/views/default/planning.html: 9
[2015-03-12 10:20:50] EDIT money/views/default/index.html: 5
[2015-03-12 10:21:37] EDIT money/views/default/index.html: 2
[2015-03-12 10:22:32] EDIT money/views/default/index.html: 4
[2015-03-12 10:22:49] EDIT money/views/default/index.html: 0
[2015-03-12 10:23:27] EDIT money/views/default/index.html: -4
[2015-03-12 10:24:33] EDIT money/views/default/index.html: 8
[2015-03-12 10:26:35] EDIT money/views/default/index.html: 8
[2015-03-12 10:27:26] EDIT money/views/default/index.html: -1
[2015-03-12 10:27:54] EDIT money/views/default/index.html: 0
[2015-03-12 10:28:25] EDIT money/views/default/index.html: -12
[2015-03-12 10:28:53] EDIT money/views/default/index.html: 0
[2015-03-12 10:29:15] EDIT money/views/default/index.html: 0
[2015-03-12 10:29:44] EDIT money/views/default/index.html: 3
[2015-03-12 10:29:54] EDIT money/views/default/index.html: -1
[2015-03-12 10:31:07] EDIT money/views/default/index.html: 3
[2015-03-12 10:32:12] EDIT money/views/default/index.html: 0
[2015-03-12 10:32:30] EDIT money/views/default/index.html: 0
[2015-03-12 10:34:25] EDIT money/views/default/inout.html: 15
[2015-03-12 10:35:04] EDIT money/views/default/planning.html: 15
[2015-03-12 10:35:56] EDIT money/views/default/index.html: 0
[2015-03-12 10:36:21] EDIT money/views/default/index.html: 0
[2015-03-12 10:36:53] EDIT money/views/default/inout.html: 0
[2015-03-12 10:40:50] EDIT money/controllers/default.py: 29
[2015-03-12 10:41:14] EDIT money/controllers/default.py: 11
[2015-03-12 10:47:17] EDIT money/views/default/index.html: 0
[2015-03-12 10:47:49] EDIT money/views/default/index.html: 0
[2015-03-12 14:43:03] EDIT money/views/default/index.html: 1
[2015-03-12 14:43:14] CREATE default/credit.html: 0
[2015-03-12 14:44:27] EDIT money/views/default/credit.html: 230
[2015-03-12 14:44:53] EDIT money/views/default/inout.html: 1
[2015-03-12 14:44:57] EDIT money/views/default/planning.html: 1
[2015-03-12 14:46:19] EDIT money/models/tables.py: 0
[2015-03-12 14:48:20] EDIT money/controllers/default.py: 49
[2015-03-12 14:48:40] EDIT money/controllers/default.py: -1
[2015-03-12 14:49:05] EDIT money/controllers/default.py: 0
[2015-03-12 14:49:45] EDIT money/views/default/credit.html: -8
[2015-03-12 14:49:49] EDIT money/views/default/credit.html: -1
[2015-03-12 14:50:41] EDIT money/views/default/credit.html: -5
[2015-03-12 14:51:23] EDIT money/controllers/default.py: 0
[2015-03-12 14:54:11] EDIT money/views/default/credit.html: 0
[2015-03-12 14:54:18] EDIT money/views/default/credit.html: 0
[2015-03-12 14:55:09] EDIT money/models/tables.py: 2
[2015-03-12 14:56:20] EDIT money/controllers/default.py: -17
[2015-03-12 14:57:39] EDIT money/controllers/default.py: 1
[2015-03-12 15:05:26] EDIT money/controllers/default.py: -1
[2015-03-12 15:06:13] EDIT money/controllers/default.py: 1
[2015-03-12 15:06:37] EDIT money/controllers/default.py: -1
[2015-03-12 15:07:00] EDIT money/controllers/default.py: 0
[2015-03-12 15:46:11] EDIT money/controllers/default.py: 1
[2015-03-12 15:46:28] EDIT money/controllers/default.py: 0
[2015-03-12 15:47:20] EDIT money/views/default/credit.html: 7
[2015-03-12 15:48:07] EDIT money/views/default/credit.html: -2
[2015-03-12 15:48:26] EDIT money/controllers/default.py: 1
[2015-03-12 15:48:48] EDIT money/views/default/credit.html: 0
[2015-03-12 15:48:59] EDIT money/views/default/credit.html: 5
[2015-03-12 15:49:04] EDIT money/views/default/index.html: 5
[2015-03-12 15:54:47] EDIT money/views/default/index.html: 0
[2015-03-12 15:56:27] EDIT money/views/default/index.html: 9
[2015-03-12 15:56:42] EDIT money/views/default/index.html: 0
[2015-03-12 15:56:54] EDIT money/views/default/index.html: 0
[2015-03-12 15:57:19] EDIT money/views/default/index.html: 2
[2015-03-12 15:58:33] EDIT money/views/default/index.html: 0
[2015-03-12 15:59:05] EDIT money/views/default/index.html: 1
[2015-03-12 16:00:27] EDIT money/views/default/index.html: 0
[2015-03-12 16:00:36] EDIT money/views/default/index.html: -1
[2015-03-12 16:01:06] EDIT money/views/default/index.html: 1
[2015-03-12 16:02:01] EDIT money/views/default/index.html: 0
[2015-03-12 16:02:31] EDIT money/views/default/index.html: 1
[2015-03-12 16:08:15] EDIT money/views/default/index.html: 0
[2015-03-12 16:08:34] EDIT money/views/default/index.html: -1
[2015-03-12 16:08:53] EDIT money/views/default/index.html: 1
[2015-03-12 16:09:26] EDIT money/views/default/index.html: 1
[2015-03-12 16:09:55] EDIT money/views/default/index.html: 1
[2015-03-12 16:10:15] EDIT money/views/default/index.html: 0
[2015-03-12 16:10:39] EDIT money/views/default/index.html: -3
[2015-03-12 16:11:02] EDIT money/views/default/index.html: 1
[2015-03-12 16:24:47] EDIT money/models/tables.py: 1
[2015-03-12 16:24:59] EDIT money/models/tables.py: 1
[2015-03-12 16:35:52] EDIT money/controllers/default.py: 11
[2015-03-12 16:37:47] EDIT money/controllers/default.py: 1
[2015-03-12 16:40:33] EDIT money/controllers/default.py: 1
[2015-03-12 16:44:04] EDIT money/controllers/default.py: 2
[2015-03-12 16:53:14] EDIT money/controllers/default.py: 0
[2015-03-12 17:00:32] EDIT money/controllers/default.py: 1
[2015-03-12 17:01:02] EDIT money/controllers/default.py: 0
[2015-03-12 17:01:38] EDIT money/controllers/default.py: 0
[2015-03-12 17:01:47] EDIT money/controllers/default.py: 0
[2015-03-12 17:02:35] EDIT money/views/default/index.html: 2
[2015-03-12 17:04:08] EDIT money/views/default/index.html: 0
[2015-03-12 17:04:31] EDIT money/views/default/index.html: 0
[2015-03-12 17:04:49] EDIT money/views/default/index.html: 0
[2015-03-12 17:05:17] EDIT money/views/default/index.html: 0
[2015-03-12 17:06:27] EDIT money/views/default/index.html: 0
[2015-03-12 17:09:01] EDIT money/controllers/default.py: 0
[2015-03-12 17:14:28] EDIT money/controllers/default.py: 1
[2015-03-12 17:14:41] EDIT money/controllers/default.py: 1
[2015-03-12 17:14:50] EDIT money/controllers/default.py: 1
[2015-03-12 17:15:12] EDIT money/views/default/credit.html: 2
[2015-03-12 17:16:33] EDIT money/controllers/default.py: 1
[2015-03-12 17:17:18] EDIT money/views/default/credit.html: 0
[2015-03-12 17:17:31] EDIT money/views/default/credit.html: 0
[2015-03-12 17:18:19] EDIT money/views/default/credit.html: 0
[2015-03-12 17:19:43] EDIT money/controllers/default.py: 0
[2015-03-12 17:21:37] EDIT money/controllers/default.py: 0
[2015-03-12 17:32:15] EDIT money/controllers/default.py: 0
[2015-03-12 17:34:31] EDIT money/controllers/default.py: 0
[2015-03-12 17:34:44] EDIT money/controllers/default.py: 0
[2015-03-12 17:37:33] EDIT money/controllers/default.py: 1
[2015-03-12 17:37:39] EDIT money/controllers/default.py: -1
[2015-03-12 17:38:04] EDIT money/views/default/credit.html: 0
[2015-03-12 17:38:18] EDIT money/views/default/credit.html: 0
[2015-03-12 17:44:47] EDIT money/controllers/default.py: 0
[2015-03-12 17:45:06] EDIT money/views/default/credit.html: 0
[2015-03-12 17:45:10] EDIT money/controllers/default.py: 0
[2015-03-12 17:45:48] EDIT money/controllers/default.py: 0
[2015-03-12 17:49:10] EDIT money/views/default/credit.html: 0
[2015-03-12 17:49:18] EDIT money/views/default/credit.html: 0
[2015-03-12 17:50:13] EDIT money/controllers/default.py: 0
[2015-03-12 17:50:29] EDIT money/controllers/default.py: 0
[2015-03-12 17:52:06] EDIT money/controllers/default.py: 0
[2015-03-12 17:55:05] EDIT money/controllers/default.py: 0
[2015-03-12 17:55:17] EDIT money/controllers/default.py: 1
[2015-03-12 17:57:46] EDIT money/controllers/default.py: 0
[2015-03-12 17:59:00] EDIT money/controllers/default.py: 0
[2015-03-12 17:59:48] EDIT money/controllers/default.py: 0
[2015-03-12 18:00:58] EDIT money/controllers/default.py: 0
[2015-03-12 18:01:07] EDIT money/controllers/default.py: 0
[2015-03-12 18:02:49] EDIT money/controllers/default.py: 3
[2015-03-12 18:03:00] EDIT money/controllers/default.py: 0
[2015-03-12 18:03:58] EDIT money/controllers/default.py: -1
[2015-03-12 18:04:40] EDIT money/controllers/default.py: 0
[2015-03-12 18:05:32] EDIT money/controllers/default.py: 0
[2015-03-12 18:07:16] EDIT money/controllers/default.py: 0
[2015-03-13 10:30:51] CREATE functions.py: 0
[2015-03-13 10:35:16] EDIT money/models/functions.py: 7
[2015-03-13 10:36:14] EDIT money/models/functions.py: 4
[2015-03-13 10:37:50] EDIT money/models/functions.py: 3
[2015-03-13 11:54:05] EDIT money/models/functions.py: 1
[2015-03-13 11:54:18] EDIT money/models/tables.py: 0
[2015-03-13 11:54:20] EDIT money/controllers/default.py: 0
[2015-03-13 11:54:23] EDIT money/models/functions.py: 0
[2015-03-13 11:54:26] EDIT money/models/functions.py: 0
[2015-03-13 11:58:10] EDIT money/models/tables.py: 3
[2015-03-13 11:58:16] EDIT money/models/tables.py: 1
[2015-03-13 11:58:56] EDIT money/models/tables.py: 2
[2015-03-13 11:59:14] EDIT money/models/tables.py: 1
[2015-03-13 11:59:21] EDIT money/models/tables.py: 1
[2015-03-13 12:00:11] EDIT money/models/tables.py: 0
[2015-03-13 12:00:34] EDIT money/models/tables.py: 0
[2015-03-13 12:01:00] EDIT money/models/tables.py: 0
[2015-03-13 12:05:48] EDIT money/models/functions.py: 4
[2015-03-13 12:06:55] EDIT money/models/functions.py: 0
[2015-03-13 12:07:01] EDIT money/models/functions.py: 0
[2015-03-13 12:07:10] EDIT money/models/functions.py: 0
[2015-03-13 12:10:44] EDIT money/models/functions.py: 0
[2015-03-13 12:11:20] EDIT money/controllers/default.py: 2
[2015-03-13 12:11:57] EDIT money/controllers/default.py: 3
[2015-03-13 12:12:20] EDIT money/controllers/default.py: 2
[2015-03-13 12:12:33] EDIT money/controllers/default.py: 1
[2015-03-13 12:13:10] EDIT money/views/default/index.html: 0
[2015-03-13 12:14:12] EDIT money/controllers/default.py: -12
[2015-03-13 12:17:20] EDIT money/controllers/default.py: 1
[2015-03-13 12:17:36] EDIT money/models/functions.py: 0
[2015-03-13 12:17:44] EDIT money/controllers/default.py: 0
[2015-03-13 12:17:55] EDIT money/controllers/default.py: 0
[2015-03-13 12:18:36] EDIT money/controllers/default.py: 0
[2015-03-13 12:21:17] EDIT money/controllers/default.py: 0
[2015-03-13 12:21:58] EDIT money/modules/functions.py: 0
[2015-03-13 12:22:07] EDIT money/controllers/default.py: 0
[2015-03-13 12:27:01] EDIT money/modules/functions.py: 0
[2015-03-13 12:27:49] EDIT money/controllers/default.py: 0
[2015-03-13 12:28:19] EDIT money/controllers/default.py: 0
[2015-03-13 12:28:22] EDIT money/modules/functions.py: 0
[2015-03-13 12:29:27] EDIT money/modules/functions.py: 0
[2015-03-13 12:30:59] EDIT money/modules/functions.py: 0
[2015-03-13 12:31:18] EDIT money/modules/functions.py: 0
[2015-03-13 12:31:34] EDIT money/modules/functions.py: 0
[2015-03-13 12:31:49] EDIT money/modules/functions.py: 0
[2015-03-13 12:32:47] EDIT money/modules/functions.py: 0
[2015-03-13 12:33:27] EDIT money/modules/functions.py: 0
[2015-03-13 14:01:16] EDIT money/modules/functions.py: 0
[2015-03-13 14:05:52] EDIT money/modules/functions.py: 0
[2015-03-13 14:06:36] EDIT money/models/tables.py: 1
[2015-03-13 14:06:59] EDIT money/modules/functions.py: 0
[2015-03-13 14:08:41] EDIT money/modules/functions.py: 0
[2015-03-13 14:09:06] EDIT money/modules/functions.py: 0
[2015-03-13 14:09:32] EDIT money/modules/functions.py: 0
[2015-03-13 14:10:14] EDIT money/views/default/credit.html: 0
[2015-03-13 14:10:19] EDIT money/views/default/inout.html: 0
[2015-03-13 14:10:25] EDIT money/views/default/planning.html: 0
[2015-03-13 14:10:50] EDIT money/controllers/default.py: 0
[2015-03-13 14:10:53] EDIT money/controllers/default.py: 1
[2015-03-13 14:11:02] EDIT money/controllers/default.py: 1
[2015-03-13 14:11:05] EDIT money/controllers/default.py: 1
[2015-03-13 14:11:15] EDIT money/controllers/default.py: 1
[2015-03-13 14:11:47] EDIT money/controllers/default.py: 0
[2015-03-13 14:12:23] EDIT money/controllers/default.py: -2
[2015-03-13 14:12:39] EDIT money/controllers/default.py: -1
[2015-03-16 08:51:14] EDIT money/models/tables.py: 4
[2015-03-16 09:01:22] EDIT money/controllers/default.py: 1
[2015-03-16 09:02:01] EDIT money/controllers/default.py: 3
[2015-03-16 09:07:16] EDIT money/controllers/default.py: 1
[2015-03-16 09:07:51] EDIT money/controllers/default.py: 1
[2015-03-16 09:08:10] EDIT money/controllers/default.py: 0
[2015-03-16 09:11:31] EDIT money/controllers/default.py: 1
[2015-03-16 09:12:13] EDIT money/controllers/default.py: 0
[2015-03-16 09:12:37] EDIT money/controllers/default.py: 0
[2015-03-16 09:12:45] EDIT money/controllers/default.py: 0
[2015-03-16 09:13:35] EDIT money/controllers/default.py: 0
[2015-03-16 09:13:48] EDIT money/controllers/default.py: 0
[2015-03-16 09:15:42] EDIT money/controllers/default.py: 3
[2015-03-16 09:16:46] EDIT money/controllers/default.py: 3
[2015-03-16 09:16:51] EDIT money/controllers/default.py: 0
[2015-03-16 09:17:02] EDIT money/controllers/default.py: 1
[2015-03-16 09:17:17] EDIT money/controllers/default.py: 0
[2015-03-16 09:17:47] EDIT money/controllers/default.py: 1
[2015-03-16 09:18:03] EDIT money/controllers/default.py: -1
[2015-03-16 09:18:06] EDIT money/controllers/default.py: 0
[2015-03-16 10:13:24] EDIT money/views/default/index.html: 1
[2015-03-16 10:13:50] CREATE default/test.html: 0
[2015-03-16 10:13:57] EDIT money/views/default/index.html: 0
[2015-03-16 10:16:10] EDIT money/views/default/index.html: -1
[2015-03-16 10:19:39] EDIT money/views/default/index.html: 8
[2015-03-16 10:19:47] EDIT money/views/default/index.html: 0
[2015-03-16 10:20:43] EDIT money/controllers/default.py: 5
[2015-03-16 10:20:59] EDIT money/views/default/index.html: 0
[2015-03-16 10:21:07] EDIT money/views/default/index.html: 0
[2015-03-16 10:22:08] EDIT money/views/default/index.html: 2
[2015-03-16 10:22:27] EDIT money/views/default/index.html: 0
[2015-03-16 10:23:33] EDIT money/views/default/inout.html: 10
[2015-03-16 10:23:37] EDIT money/views/default/planning.html: 10
[2015-03-16 10:23:43] EDIT money/views/default/credit.html: 10
[2015-03-16 10:24:33] EDIT money/views/default/index.html: 0
[2015-03-16 10:24:59] EDIT money/views/default/index.html: 0
[2015-03-16 10:25:25] EDIT money/views/default/index.html: 0
[2015-03-16 10:25:35] EDIT money/views/default/inout.html: 0
[2015-03-16 10:25:39] EDIT money/views/default/planning.html: 0
[2015-03-16 10:25:45] EDIT money/views/default/credit.html: 0
[2015-03-16 10:26:07] EDIT money/views/default/credit.html: 0
[2015-03-16 10:26:14] EDIT money/views/default/index.html: 0
[2015-03-16 10:26:17] EDIT money/views/default/inout.html: 0
[2015-03-16 10:26:19] EDIT money/views/default/planning.html: 0
[2015-03-16 10:26:42] EDIT money/views/default/inout.html: 0
[2015-03-16 10:26:51] EDIT money/views/default/planning.html: 0
[2015-03-16 10:27:00] EDIT money/views/default/credit.html: 0
[2015-03-16 10:29:30] EDIT money/views/default/credit.html: 3
[2015-03-16 10:29:47] EDIT money/views/default/index.html: 3
[2015-03-16 10:29:51] EDIT money/views/default/inout.html: 3
[2015-03-16 10:29:54] EDIT money/views/default/planning.html: 3
[2015-03-16 10:32:45] EDIT money/views/default/user.html: 73
[2015-03-16 10:33:54] EDIT money/views/default/user.html: 1
[2015-03-16 10:35:04] EDIT money/views/default/user.html: -15
[2015-03-16 10:36:57] EDIT money/views/default/user.html: 0
[2015-03-16 10:38:13] EDIT money/views/default/user.html: 0
[2015-03-16 10:45:11] EDIT money/views/default/user.html: -59
[2015-03-16 10:45:33] CREATE default/expenses.html: 0
[2015-03-16 10:45:42] EDIT money/views/default/expenses.html: 263
[2015-03-16 10:46:29] EDIT money/views/default/index.html: -202
[2015-03-16 10:47:07] EDIT money/controllers/default.py: 2
[2015-03-16 10:47:20] EDIT money/views/default/inout.html: 0
[2015-03-16 10:47:29] EDIT money/views/default/planning.html: 0
[2015-03-16 10:47:40] EDIT money/views/default/credit.html: 0
[2015-03-16 10:47:51] EDIT money/views/default/expenses.html: 0
[2015-03-16 10:48:19] EDIT money/controllers/default.py: 0
[2015-03-16 10:48:39] EDIT money/controllers/default.py: 2
[2015-03-16 10:48:52] EDIT money/controllers/default.py: 3
[2015-03-16 10:49:42] EDIT money/views/default/index.html: 1
[2015-03-16 10:50:33] EDIT money/views/default/index.html: 0
[2015-03-16 10:53:52] EDIT money/views/default/index.html: 0
[2015-03-16 13:05:43] EDIT money/controllers/default.py: 0
[2015-03-16 13:39:34] EDIT money/models/db.py: 0
[2015-03-16 13:44:11] EDIT money/views/default/user.html: -1
[2015-03-16 13:44:41] EDIT money/views/default/user.html: 0
[2015-03-16 13:44:57] EDIT money/views/default/user.html: 1
[2015-03-16 13:47:01] EDIT money/models/db.py: 1
[2015-03-16 13:54:47] EDIT money/controllers/default.py: 4
[2015-03-16 13:54:50] EDIT money/controllers/default.py: 0
[2015-03-16 13:54:54] EDIT money/controllers/default.py: 0
[2015-03-16 13:56:10] EDIT money/controllers/default.py: 1
[2015-03-16 13:56:34] EDIT money/views/default/expenses.html: 0
[2015-03-16 13:58:11] EDIT money/controllers/default.py: 2
[2015-03-16 13:58:25] EDIT money/controllers/default.py: -1
[2015-03-16 13:58:53] EDIT money/controllers/default.py: 0
[2015-03-16 14:03:47] EDIT money/controllers/default.py: 4
[2015-03-16 14:04:46] EDIT money/controllers/default.py: 0
[2015-03-16 14:05:53] EDIT money/controllers/default.py: 0
[2015-03-16 14:06:02] EDIT money/controllers/default.py: 0
[2015-03-16 14:06:06] EDIT money/controllers/default.py: 0
[2015-03-16 14:06:22] EDIT money/controllers/default.py: 0
[2015-03-16 14:06:45] EDIT money/controllers/default.py: 0
[2015-03-16 14:07:02] EDIT money/controllers/default.py: 0
[2015-03-16 14:08:23] EDIT money/controllers/default.py: 0
[2015-03-16 14:08:48] EDIT money/controllers/default.py: -1
[2015-03-16 14:09:40] EDIT money/controllers/default.py: 0
[2015-03-16 14:12:53] EDIT money/controllers/default.py: 0
[2015-03-16 14:13:35] EDIT money/controllers/default.py: 0
[2015-03-16 14:16:39] EDIT money/controllers/default.py: 0
[2015-03-16 14:17:23] EDIT money/controllers/default.py: -4
[2015-03-16 14:17:30] EDIT money/controllers/default.py: 0
[2015-03-16 14:18:18] EDIT money/controllers/default.py: 4
[2015-03-16 14:19:04] EDIT money/controllers/default.py: 4
[2015-03-16 14:20:10] EDIT money/views/default/expenses.html: 0
[2015-03-16 14:21:36] EDIT money/controllers/default.py: -8
[2015-03-16 14:21:59] EDIT money/controllers/default.py: -1
[2015-03-16 14:23:36] EDIT money/controllers/default.py: -14
[2015-03-16 14:25:13] EDIT money/views/default/index.html: 3
[2015-03-16 14:25:28] EDIT money/controllers/default.py: 1
[2015-03-16 14:25:39] EDIT money/controllers/default.py: 0
[2015-03-16 14:40:55] EDIT money/controllers/default.py: 6
[2015-03-16 14:41:26] EDIT money/controllers/default.py: 0
[2015-03-16 14:44:24] EDIT money/controllers/default.py: -6
[2015-03-16 14:48:58] EDIT money/views/default/index.html: 11
[2015-03-16 14:49:16] EDIT money/views/default/index.html: 2
[2015-03-16 14:50:21] EDIT money/views/default/index.html: 0
[2015-03-16 14:53:03] EDIT money/views/default/index.html: 0
[2015-03-16 14:53:19] EDIT money/views/default/index.html: 1
[2015-03-16 14:56:39] EDIT money/views/default/index.html: 3
[2015-03-16 14:56:54] EDIT money/views/default/index.html: 0
[2015-03-16 15:07:47] EDIT money/modules/functions.py: 7
[2015-03-16 15:07:49] EDIT money/modules/functions.py: 0
[2015-03-16 15:08:08] EDIT money/views/default/index.html: 0
[2015-03-16 15:08:39] EDIT money/controllers/default.py: 1
[2015-03-16 15:08:51] EDIT money/views/default/index.html: 0
[2015-03-16 15:10:33] EDIT money/views/default/index.html: 0
[2015-03-16 15:10:44] EDIT money/views/default/index.html: 0
[2015-03-16 15:11:01] EDIT money/views/default/index.html: 0
[2015-03-16 15:11:36] EDIT money/views/default/index.html: -1
[2015-03-16 15:12:39] EDIT money/controllers/default.py: -1
[2015-03-16 15:13:22] EDIT money/modules/functions.py: 0
[2015-03-16 15:14:32] EDIT money/modules/functions.py: -1
[2015-03-16 15:14:55] EDIT money/modules/functions.py: 1
[2015-03-16 15:15:19] EDIT money/modules/functions.py: 0
[2015-03-16 15:15:36] EDIT money/modules/functions.py: 0
[2015-03-16 15:15:46] EDIT money/modules/functions.py: 0
[2015-03-16 15:15:51] EDIT money/modules/functions.py: 0
[2015-03-16 15:17:02] EDIT money/controllers/default.py: 0
[2015-03-16 15:17:06] EDIT money/controllers/default.py: 0
[2015-03-16 15:17:16] EDIT money/controllers/default.py: 0
[2015-03-16 15:17:51] EDIT money/views/default/index.html: -16
[2015-03-17 11:00:35] EDIT money/modules/functions.py: 1
[2015-03-17 11:00:54] EDIT money/modules/functions.py: 0
[2015-03-17 11:01:51] EDIT money/controllers/default.py: 0
[2015-03-17 11:48:27] EDIT money/modules/functions.py: 7
[2015-03-17 11:48:51] EDIT money/controllers/default.py: 1
[2015-03-17 11:51:35] EDIT money/controllers/default.py: 1
[2015-03-17 12:51:29] EDIT money/models/tables.py: -1
[2015-03-17 12:52:27] EDIT money/modules/functions.py: 0
[2015-03-17 12:53:12] EDIT money/models/tables.py: -1
[2015-03-17 12:54:46] EDIT money/models/tables.py: 0
[2015-03-17 12:56:23] EDIT money/modules/functions.py: 0
[2015-03-17 12:57:15] EDIT money/modules/functions.py: 0
[2015-03-17 13:22:37] EDIT money/modules/functions.py: 0
[2015-03-17 13:25:57] EDIT money/controllers/default.py: 0
[2015-03-17 13:26:19] EDIT money/modules/functions.py: 0
[2015-03-17 13:28:28] EDIT money/models/tables.py: 0
[2015-03-17 13:28:49] EDIT money/models/tables.py: 1
[2015-03-17 13:29:09] EDIT money/models/tables.py: 0
[2015-03-17 16:35:17] EDIT money/models/tables.py: 0
[2015-03-17 16:48:04] EDIT money/models/tables.py: 0
[2015-03-17 16:48:26] EDIT money/models/tables.py: 0
[2015-03-17 16:51:13] EDIT money/modules/functions.py: 0
[2015-03-17 16:51:41] EDIT money/controllers/default.py: 0
[2015-03-17 16:51:47] EDIT money/controllers/default.py: 0
[2015-03-17 16:51:53] EDIT money/controllers/default.py: 0
[2015-03-23 15:10:17] CREATE money_layout.html: 0
[2015-03-23 15:11:11] EDIT money/views/money_layout.html: 156
[2015-03-23 15:11:52] EDIT money/views/money_layout.html: -16
[2015-03-23 15:12:29] EDIT money/views/money_layout.html: 0
[2015-03-23 15:12:39] EDIT money/views/money_layout.html: 0
[2015-03-23 15:13:03] EDIT money/views/money_layout.html: 0
[2015-03-23 15:13:44] EDIT money/views/money_layout.html: 0
[2015-03-23 15:14:35] EDIT money/views/money_layout.html: -22
[2015-03-23 15:15:14] EDIT money/views/money_layout.html: 32
[2015-03-23 15:16:12] EDIT money/views/money_layout.html: 13
[2015-03-23 15:17:42] EDIT money/views/money_layout.html: 1
[2015-03-23 15:17:47] EDIT money/views/money_layout.html: 0
[2015-03-23 15:25:43] EDIT money/views/money_layout.html: 21
[2015-03-23 15:26:02] EDIT money/views/default/expenses.html: -79
[2015-03-23 15:26:05] EDIT money/views/default/expenses.html: 0
[2015-03-23 15:28:57] EDIT money/models/tables.py: -9
[2015-03-23 15:29:14] EDIT money/models/tables.py: 9
[2015-03-23 15:30:01] EDIT money/controllers/default.py: -1
[2015-03-23 15:31:01] EDIT money/controllers/default.py: 0
[2015-03-23 15:34:53] CREATE db_func.py: 0
[2015-03-23 15:35:10] EDIT money/models/db_func.py: 27
[2015-03-23 15:35:22] EDIT money/modules/functions.py: -27
[2015-03-23 15:36:24] EDIT money/models/db_func.py: -27
[2015-03-23 15:36:37] CREATE functions.py: 0
[2015-03-23 15:37:11] DELETE money/controllers/functions.py: -1
[2015-03-23 15:37:57] EDIT money/modules/functions.py: 28
[2015-03-23 15:38:25] EDIT money/modules/functions.py: 0
[2015-03-23 15:38:31] EDIT money/modules/functions.py: -1
[2015-03-23 15:39:01] DELETE money/models/db_func.py: 0
[2015-03-23 15:41:24] EDIT money/controllers/default.py: 0
[2015-03-23 16:45:55] EDIT money/controllers/default.py: 0
[2015-03-23 16:45:59] EDIT money/controllers/default.py: 0
[2015-03-23 17:14:02] EDIT money/models/tables.py: 27
[2015-03-23 17:14:37] EDIT money/models/tables.py: 0
[2015-03-23 17:14:55] EDIT money/models/tables.py: 0
[2015-03-23 17:15:24] EDIT money/controllers/default.py: 0
[2015-03-23 17:24:04] EDIT money/controllers/default.py: 1
[2015-03-23 17:24:08] EDIT money/controllers/default.py: 0
[2015-03-23 17:25:46] EDIT money/controllers/default.py: 0
[2015-03-23 17:25:53] EDIT money/controllers/default.py: 0
[2015-03-23 17:27:47] EDIT money/views/money_layout.html: 0
[2015-03-23 17:28:42] EDIT money/controllers/default.py: 0
[2015-03-23 17:29:03] EDIT money/modules/functions.py: -27
[2015-03-23 17:29:07] EDIT money/controllers/default.py: 0
[2015-03-23 17:30:02] EDIT money/modules/functions.py: 0
[2015-03-23 17:31:55] EDIT money/controllers/default.py: 1
[2015-03-23 17:32:06] EDIT money/controllers/default.py: -1
[2015-03-23 17:32:17] EDIT money/models/tables.py: -27
[2015-03-23 17:32:35] EDIT money/modules/functions.py: 27
[2015-03-23 17:32:45] EDIT money/controllers/default.py: 0
[2015-03-23 17:39:35] EDIT money/modules/functions.py: 0
[2015-03-23 17:41:15] EDIT money/views/default/inout.html: -72
[2015-03-23 17:42:06] EDIT money/views/default/planning.html: -72
[2015-03-23 17:42:32] EDIT money/views/default/credit.html: -72
[2015-03-23 17:43:27] EDIT money/views/default/inout.html: 1
[2015-03-23 17:43:32] EDIT money/views/default/planning.html: 1
[2015-03-23 17:43:35] EDIT money/views/default/credit.html: 1
[2015-03-23 17:44:20] EDIT money/views/money_layout.html: 2
[2015-03-23 17:44:54] EDIT money/views/money_layout.html: -13
[2015-03-23 17:45:02] EDIT money/views/money_layout.html: 0
[2015-03-23 17:47:14] EDIT money/views/default/expenses.html: 0
[2015-03-23 17:49:02] EDIT money/views/money_layout.html: 0
[2015-03-24 10:36:26] EDIT money/modules/functions.py: 3
[2015-03-24 10:37:34] EDIT money/modules/functions.py: 13
[2015-03-24 10:37:42] EDIT money/modules/functions.py: 0
[2015-03-24 10:37:47] EDIT money/modules/functions.py: 0
[2015-03-24 10:39:21] EDIT money/controllers/default.py: 1
[2015-03-24 10:40:17] EDIT money/modules/functions.py: 0
[2015-03-24 10:41:06] EDIT money/models/tables.py: 0
[2015-03-24 10:50:06] EDIT money/models/db.py: 2
[2015-03-24 10:50:26] EDIT money/modules/functions.py: 0
[2015-03-24 10:50:40] EDIT money/controllers/default.py: 1
[2015-03-24 10:52:07] EDIT money/modules/functions.py: 1
[2015-03-24 10:52:14] EDIT money/models/tables.py: 0
[2015-03-24 10:52:16] EDIT money/controllers/default.py: 0
[2015-03-24 10:53:07] EDIT money/models/db.py: 1
[2015-03-24 10:53:54] EDIT money/modules/functions.py: 4
[2015-03-24 10:54:32] EDIT money/modules/functions.py: 0
[2015-03-24 10:55:23] EDIT money/modules/functions.py: 0
[2015-03-24 10:56:54] EDIT money/models/db.py: 0
[2015-03-24 10:58:25] EDIT money/views/money_layout.html: 0
[2015-03-24 10:58:35] EDIT money/views/money_layout.html: 0
[2015-03-24 10:58:58] EDIT money/views/money_layout.html: 5
[2015-03-24 11:03:25] EDIT money/controllers/default.py: 1
[2015-03-24 11:03:35] EDIT money/controllers/default.py: 1
[2015-03-24 11:03:42] EDIT money/controllers/default.py: 1
[2015-03-24 11:04:20] EDIT money/controllers/default.py: 1
[2015-03-24 11:07:51] EDIT money/views/money_layout.html: 14
[2015-03-24 11:08:32] EDIT money/views/money_layout.html: 0
[2015-03-24 11:09:03] EDIT money/views/money_layout.html: 0
[2015-03-24 11:09:14] EDIT money/views/money_layout.html: 0
[2015-03-24 11:09:20] EDIT money/views/money_layout.html: 0
[2015-03-24 11:10:04] EDIT money/views/money_layout.html: -13
[2015-03-24 11:10:22] EDIT money/views/money_layout.html: 0
[2015-03-24 11:10:42] EDIT money/views/money_layout.html: 0
[2015-03-24 11:11:08] EDIT money/views/money_layout.html: 0
[2015-03-24 11:12:25] EDIT money/views/money_layout.html: 12
[2015-03-24 11:12:30] EDIT money/views/money_layout.html: -8
[2015-03-24 11:14:08] EDIT money/views/money_layout.html: 4
[2015-03-24 11:14:54] EDIT money/views/money_layout.html: -3
[2015-03-24 11:15:20] EDIT money/views/money_layout.html: -8
[2015-03-24 11:16:49] EDIT money/views/money_layout.html: 7
[2015-03-24 11:18:35] EDIT money/views/money_layout.html: 4
[2015-03-24 11:18:49] EDIT money/views/money_layout.html: 0
[2015-03-24 11:19:08] EDIT money/views/money_layout.html: 1
[2015-03-24 11:19:47] EDIT money/views/money_layout.html: 0
[2015-03-24 11:20:17] EDIT money/views/money_layout.html: 0
[2015-03-24 11:20:31] EDIT money/views/money_layout.html: 0
[2015-03-24 11:20:40] EDIT money/views/money_layout.html: 0
[2015-03-24 11:20:56] EDIT money/views/money_layout.html: 0
[2015-03-24 11:21:03] EDIT money/views/money_layout.html: 0
[2015-03-24 11:26:48] EDIT money/views/default/index.html: 121
[2015-03-24 11:27:36] EDIT money/views/default/index.html: -16
[2015-03-24 11:28:20] EDIT money/views/default/index.html: -4
[2015-03-24 11:29:35] EDIT money/views/default/index.html: -4
[2015-03-24 11:30:07] EDIT money/views/default/index.html: -8
[2015-03-24 11:30:40] EDIT money/views/default/index.html: 0
[2015-03-24 11:42:58] EDIT money/views/default/index.html: 3
[2015-03-24 11:43:08] EDIT money/views/default/index.html: 0
[2015-03-24 11:44:10] EDIT money/views/default/index.html: 2
[2015-03-24 11:44:36] EDIT money/views/default/index.html: 3
[2015-03-24 11:45:35] EDIT money/views/default/index.html: 1
[2015-03-24 13:25:18] EDIT money/views/default/index.html: 0
[2015-03-24 13:38:56] EDIT money/views/default/expenses.html: -35
[2015-03-24 13:39:32] EDIT money/controllers/default.py: 0
[2015-03-24 13:42:58] EDIT money/modules/functions.py: 6
[2015-03-24 13:43:55] EDIT money/controllers/default.py: 0
[2015-03-24 13:44:20] EDIT money/views/default/expenses.html: 0
[2015-03-24 13:45:37] EDIT money/controllers/default.py: 0
[2015-03-24 13:47:11] EDIT money/modules/functions.py: 0
[2015-03-24 13:48:05] EDIT money/modules/functions.py: 7
[2015-03-24 13:49:16] EDIT money/modules/functions.py: 1
[2015-03-24 13:49:21] EDIT money/modules/functions.py: -1
[2015-03-24 13:49:53] EDIT money/controllers/default.py: 0
[2015-03-24 13:50:04] EDIT money/controllers/default.py: 0
[2015-03-24 13:54:08] EDIT money/controllers/default.py: -4
[2015-03-24 13:55:31] EDIT money/views/default/expenses.html: 2
[2015-03-24 13:56:14] EDIT money/controllers/default.py: 0
[2015-03-24 13:58:01] EDIT money/controllers/default.py: 0
[2015-03-24 13:59:19] EDIT money/controllers/default.py: 0
[2015-03-24 13:59:32] EDIT money/controllers/default.py: -4
[2015-03-24 13:59:52] EDIT money/controllers/default.py: -4
[2015-03-24 14:00:27] EDIT money/controllers/default.py: -1
[2015-03-24 14:00:32] EDIT money/controllers/default.py: 0
[2015-03-24 14:00:45] EDIT money/controllers/default.py: 0
[2015-03-24 14:01:10] EDIT money/controllers/default.py: -4
[2015-03-24 14:04:20] EDIT money/views/default/credit.html: -81
[2015-03-24 14:04:27] EDIT money/views/default/credit.html: -1
[2015-03-24 14:04:50] EDIT money/views/default/planning.html: -35
[2015-03-24 14:05:02] EDIT money/views/default/inout.html: -35
[2015-03-24 14:05:12] EDIT money/views/layout.html: 0
[2015-03-25 10:29:09] EDIT money/views/money_layout.html: -2
[2015-03-25 10:29:29] EDIT money/views/money_layout.html: 0
[2015-03-25 10:30:49] EDIT money/views/money_layout.html: 0
[2015-03-25 10:31:08] EDIT money/views/money_layout.html: 0
[2015-03-25 10:32:05] EDIT money/views/money_layout.html: 0
[2015-03-25 10:32:14] EDIT money/views/money_layout.html: 0
[2015-03-25 10:32:23] EDIT money/views/money_layout.html: 0
[2015-03-25 10:32:36] EDIT money/views/money_layout.html: 0
[2015-03-25 10:32:52] EDIT money/views/money_layout.html: 0
[2015-03-25 10:32:59] EDIT money/views/money_layout.html: 0
[2015-03-25 10:33:22] EDIT money/views/money_layout.html: -6
[2015-03-25 10:33:34] EDIT money/views/money_layout.html: 0
[2015-03-25 10:34:01] EDIT money/views/money_layout.html: -4
[2015-03-25 10:34:19] EDIT money/views/money_layout.html: 0
[2015-03-25 10:34:38] EDIT money/views/money_layout.html: 0
[2015-03-25 10:34:57] EDIT money/views/money_layout.html: 0
[2015-03-25 10:35:06] EDIT money/views/money_layout.html: 0
[2015-03-25 10:37:25] EDIT money/views/money_layout.html: 0
[2015-03-25 10:37:32] EDIT money/views/money_layout.html: 0
[2015-03-25 10:37:52] EDIT money/views/money_layout.html: 0
[2015-03-25 10:43:18] EDIT money/views/money_layout.html: 2
[2015-03-25 10:43:44] EDIT money/views/money_layout.html: -8
[2015-03-25 10:53:06] EDIT money/views/money_layout.html: -3
[2015-03-25 10:57:41] EDIT money/controllers/default.py: 0
[2015-03-25 10:59:09] EDIT money/views/money_layout.html: 0
[2015-03-25 10:59:41] EDIT money/views/money_layout.html: 0
[2015-03-25 11:00:16] EDIT money/views/money_layout.html: 0
[2015-03-25 19:29:59] EDIT money/views/default/credit.html: 0
[2015-03-25 19:30:21] EDIT money/views/default/credit.html: 0
[2015-03-25 19:31:19] EDIT money/views/default/user.html: -10
